This is pdfTeX, Version 3.141592653-2.6-1.40.24 (TeX Live 2022) (preloaded format=pdflatex 2023.1.7)  18 JAN 2023 12:10
entering extended mode
 restricted \write18 enabled.
 file:line:error style messages enabled.
 %&-line parsing enabled.
**report.tex
(./report.tex
LaTeX2e <2021-11-15> patch level 1
L3 programming layer <2022-02-24>
(/usr/local/texlive/2022/texmf-dist/tex/latex/base/article.cls
Document Class: article 2021/10/04 v1.4n Standard LaTeX document class
(/usr/local/texlive/2022/texmf-dist/tex/latex/base/size12.clo
File: size12.clo 2021/10/04 v1.4n Standard LaTeX file (size option)
)
\c@part=\count185
\c@section=\count186
\c@subsection=\count187
\c@subsubsection=\count188
\c@paragraph=\count189
\c@subparagraph=\count190
\c@figure=\count191
\c@table=\count192
\abovecaptionskip=\skip47
\belowcaptionskip=\skip48
\bibindent=\dimen138
)
(/usr/local/texlive/2022/texmf-dist/tex/latex/xurl/xurl.sty
Package: xurl 2022/01/09 v 0.10 modify URL breaks

(/usr/local/texlive/2022/texmf-dist/tex/latex/url/url.sty
\Urlmuskip=\muskip16
Package: url 2013/09/16  ver 3.4  Verb mode for urls, etc.
))
(/usr/local/texlive/2022/texmf-dist/tex/latex/natbib/natbib.sty
Package: natbib 2010/09/13 8.31b (PWD, AO)
\bibhang=\skip49
\bibsep=\skip50
LaTeX Info: Redefining \cite on input line 694.
\c@NAT@ctr=\count193
)
(/usr/local/texlive/2022/texmf-dist/tex/latex/abstract/abstract.sty
Package: abstract 2009/06/08 v1.2a configurable abstracts
\abstitleskip=\skip51
\absleftindent=\skip52
\absrightindent=\skip53
\absparindent=\skip54
\absparsep=\skip55
)
(/usr/local/texlive/2022/texmf-dist/tex/latex/graphics/graphicx.sty
Package: graphicx 2021/09/16 v1.2d Enhanced LaTeX Graphics (DPC,SPQR)

(/usr/local/texlive/2022/texmf-dist/tex/latex/graphics/keyval.sty
Package: keyval 2014/10/28 v1.15 key=value parser (DPC)
\KV@toks@=\toks16
)
(/usr/local/texlive/2022/texmf-dist/tex/latex/graphics/graphics.sty
Package: graphics 2021/03/04 v1.4d Standard LaTeX Graphics (DPC,SPQR)

(/usr/local/texlive/2022/texmf-dist/tex/latex/graphics/trig.sty
Package: trig 2021/08/11 v1.11 sin cos tan (DPC)
)
(/usr/local/texlive/2022/texmf-dist/tex/latex/graphics-cfg/graphics.cfg
File: graphics.cfg 2016/06/04 v1.11 sample graphics configuration
)
Package graphics Info: Driver file: pdftex.def on input line 107.

(/usr/local/texlive/2022/texmf-dist/tex/latex/graphics-def/pdftex.def
File: pdftex.def 2020/10/05 v1.2a Graphics/color driver for pdftex
))
\Gin@req@height=\dimen139
\Gin@req@width=\dimen140
)
(/usr/local/texlive/2022/texmf-dist/tex/latex/caption/caption.sty
Package: caption 2022/03/01 v3.6b Customizing captions (AR)

(/usr/local/texlive/2022/texmf-dist/tex/latex/caption/caption3.sty
Package: caption3 2022/03/17 v2.3b caption3 kernel (AR)
\caption@tempdima=\dimen141
\captionmargin=\dimen142
\caption@leftmargin=\dimen143
\caption@rightmargin=\dimen144
\caption@width=\dimen145
\caption@indent=\dimen146
\caption@parindent=\dimen147
\caption@hangindent=\dimen148
Package caption Info: Standard document class detected.
)
\c@caption@flags=\count194
\c@continuedfloat=\count195
)
(/usr/local/texlive/2022/texmf-dist/tex/latex/pagecolor/pagecolor.sty
Package: pagecolor 2017/05/29 v1.0i Provides thepagecolor (HMM)

(/usr/local/texlive/2022/texmf-dist/tex/latex/kvoptions/kvoptions.sty
Package: kvoptions 2020-10-07 v3.14 Key value format for package options (HO)

(/usr/local/texlive/2022/texmf-dist/tex/generic/ltxcmds/ltxcmds.sty
Package: ltxcmds 2020-05-10 v1.25 LaTeX kernel commands for general use (HO)
)
(/usr/local/texlive/2022/texmf-dist/tex/generic/kvsetkeys/kvsetkeys.sty
Package: kvsetkeys 2019/12/15 v1.18 Key value parser (HO)
))

Package pagecolor Warning: The pagecolor package must be loaded after either
(pagecolor)                package color or after package xcolor (at your
(pagecolor)                option). Neither package was loaded before package
(pagecolor)                pagecolor. Loading of package xcolor will now be
(pagecolor)                tried automatically.
(pagecolor)                When the pagecolor package is used with option
(pagecolor)                pagecolor using a colour requiring e. g. x11names
(pagecolor)                option for xcolor package, this will not work!
(pagecolor)                 on input line 80.

(/usr/local/texlive/2022/texmf-dist/tex/latex/xcolor/xcolor.sty
Package: xcolor 2021/10/31 v2.13 LaTeX color extensions (UK)

(/usr/local/texlive/2022/texmf-dist/tex/latex/graphics-cfg/color.cfg
File: color.cfg 2016/01/02 v1.6 sample color configuration
)
Package xcolor Info: Driver file: pdftex.def on input line 227.
Package xcolor Info: Model `cmy' substituted by `cmy0' on input line 1352.
Package xcolor Info: Model `hsb' substituted by `rgb' on input line 1356.
Package xcolor Info: Model `RGB' extended on input line 1368.
Package xcolor Info: Model `HTML' substituted by `rgb' on input line 1370.
Package xcolor Info: Model `Hsb' substituted by `hsb' on input line 1371.
Package xcolor Info: Model `tHsb' substituted by `hsb' on input line 1372.
Package xcolor Info: Model `HSB' substituted by `hsb' on input line 1373.
Package xcolor Info: Model `Gray' substituted by `gray' on input line 1374.
Package xcolor Info: Model `wave' substituted by `hsb' on input line 1375.
)
(/usr/local/texlive/2022/texmf-dist/tex/generic/iftex/ifpdf.sty
Package: ifpdf 2019/10/25 v3.4 ifpdf legacy package. Use iftex instead.

(/usr/local/texlive/2022/texmf-dist/tex/generic/iftex/iftex.sty
Package: iftex 2022/02/03 v1.0f TeX engine tests
))
(/usr/local/texlive/2022/texmf-dist/tex/generic/iftex/ifluatex.sty
Package: ifluatex 2019/10/25 v1.5 ifluatex legacy package. Use iftex instead.
))
(/usr/local/texlive/2022/texmf-dist/tex/latex/geometry/geometry.sty
Package: geometry 2020/01/02 v5.9 Page Geometry

(/usr/local/texlive/2022/texmf-dist/tex/generic/iftex/ifvtex.sty
Package: ifvtex 2019/10/25 v1.7 ifvtex legacy package. Use iftex instead.
)
\Gm@cnth=\count196
\Gm@cntv=\count197
\c@Gm@tempcnt=\count198
\Gm@bindingoffset=\dimen149
\Gm@wd@mp=\dimen150
\Gm@odd@mp=\dimen151
\Gm@even@mp=\dimen152
\Gm@layoutwidth=\dimen153
\Gm@layoutheight=\dimen154
\Gm@layouthoffset=\dimen155
\Gm@layoutvoffset=\dimen156
\Gm@dimlist=\toks17
)
(/usr/local/texlive/2022/texmf-dist/tex/latex/hyperref/hyperref.sty
Package: hyperref 2022-02-21 v7.00n Hypertext links for LaTeX

(/usr/local/texlive/2022/texmf-dist/tex/generic/pdftexcmds/pdftexcmds.sty
Package: pdftexcmds 2020-06-27 v0.33 Utility functions of pdfTeX for LuaTeX (HO
)

(/usr/local/texlive/2022/texmf-dist/tex/generic/infwarerr/infwarerr.sty
Package: infwarerr 2019/12/03 v1.5 Providing info/warning/error messages (HO)
)
Package pdftexcmds Info: \pdf@primitive is available.
Package pdftexcmds Info: \pdf@ifprimitive is available.
Package pdftexcmds Info: \pdfdraftmode found.
)
(/usr/local/texlive/2022/texmf-dist/tex/generic/kvdefinekeys/kvdefinekeys.sty
Package: kvdefinekeys 2019-12-19 v1.6 Define keys (HO)
)
(/usr/local/texlive/2022/texmf-dist/tex/generic/pdfescape/pdfescape.sty
Package: pdfescape 2019/12/09 v1.15 Implements pdfTeX's escape features (HO)
)
(/usr/local/texlive/2022/texmf-dist/tex/latex/hycolor/hycolor.sty
Package: hycolor 2020-01-27 v1.10 Color options for hyperref/bookmark (HO)
)
(/usr/local/texlive/2022/texmf-dist/tex/latex/letltxmacro/letltxmacro.sty
Package: letltxmacro 2019/12/03 v1.6 Let assignment for LaTeX macros (HO)
)
(/usr/local/texlive/2022/texmf-dist/tex/latex/auxhook/auxhook.sty
Package: auxhook 2019-12-17 v1.6 Hooks for auxiliary files (HO)
)
\@linkdim=\dimen157
\Hy@linkcounter=\count199
\Hy@pagecounter=\count266

(/usr/local/texlive/2022/texmf-dist/tex/latex/hyperref/pd1enc.def
File: pd1enc.def 2022-02-21 v7.00n Hyperref: PDFDocEncoding definition (HO)
Now handling font encoding PD1 ...
... no UTF-8 mapping file for font encoding PD1
)
(/usr/local/texlive/2022/texmf-dist/tex/generic/intcalc/intcalc.sty
Package: intcalc 2019/12/15 v1.3 Expandable calculations with integers (HO)
)
(/usr/local/texlive/2022/texmf-dist/tex/generic/etexcmds/etexcmds.sty
Package: etexcmds 2019/12/15 v1.7 Avoid name clashes with e-TeX commands (HO)
)
\Hy@SavedSpaceFactor=\count267

(/usr/local/texlive/2022/texmf-dist/tex/latex/hyperref/puenc.def
File: puenc.def 2022-02-21 v7.00n Hyperref: PDF Unicode definition (HO)
Now handling font encoding PU ...
... no UTF-8 mapping file for font encoding PU
)
Package hyperref Info: Hyper figures OFF on input line 4137.
Package hyperref Info: Link nesting OFF on input line 4142.
Package hyperref Info: Hyper index ON on input line 4145.
Package hyperref Info: Plain pages OFF on input line 4152.
Package hyperref Info: Backreferencing OFF on input line 4157.
Package hyperref Info: Implicit mode ON; LaTeX internals redefined.
Package hyperref Info: Bookmarks ON on input line 4390.
\c@Hy@tempcnt=\count268
LaTeX Info: Redefining \url on input line 4749.
\XeTeXLinkMargin=\dimen158

(/usr/local/texlive/2022/texmf-dist/tex/generic/bitset/bitset.sty
Package: bitset 2019/12/09 v1.3 Handle bit-vector datatype (HO)

(/usr/local/texlive/2022/texmf-dist/tex/generic/bigintcalc/bigintcalc.sty
Package: bigintcalc 2019/12/15 v1.5 Expandable calculations on big integers (HO
)
))
\Fld@menulength=\count269
\Field@Width=\dimen159
\Fld@charsize=\dimen160
Package hyperref Info: Hyper figures OFF on input line 6027.
Package hyperref Info: Link nesting OFF on input line 6032.
Package hyperref Info: Hyper index ON on input line 6035.
Package hyperref Info: backreferencing OFF on input line 6042.
Package hyperref Info: Link coloring OFF on input line 6047.
Package hyperref Info: Link coloring with OCG OFF on input line 6052.
Package hyperref Info: PDF/A mode OFF on input line 6057.
LaTeX Info: Redefining \ref on input line 6097.
LaTeX Info: Redefining \pageref on input line 6101.

(/usr/local/texlive/2022/texmf-dist/tex/latex/base/atbegshi-ltx.sty
Package: atbegshi-ltx 2021/01/10 v1.0c Emulation of the original atbegshi
package with kernel methods
)
\Hy@abspage=\count270
\c@Item=\count271
\c@Hfootnote=\count272
)
Package hyperref Info: Driver (autodetected): hpdftex.

(/usr/local/texlive/2022/texmf-dist/tex/latex/hyperref/hpdftex.def
File: hpdftex.def 2022-02-21 v7.00n Hyperref driver for pdfTeX

(/usr/local/texlive/2022/texmf-dist/tex/latex/base/atveryend-ltx.sty
Package: atveryend-ltx 2020/08/19 v1.0a Emulation of the original atveryend pac
kage
with kernel methods
)
\Fld@listcount=\count273
\c@bookmark@seq@number=\count274

(/usr/local/texlive/2022/texmf-dist/tex/latex/rerunfilecheck/rerunfilecheck.sty
Package: rerunfilecheck 2019/12/05 v1.9 Rerun checks for auxiliary files (HO)

(/usr/local/texlive/2022/texmf-dist/tex/generic/uniquecounter/uniquecounter.sty
Package: uniquecounter 2019/12/15 v1.4 Provide unlimited unique counter (HO)
)
Package uniquecounter Info: New unique counter `rerunfilecheck' on input line 2
86.
)
\Hy@SectionHShift=\skip56
)
(/usr/local/texlive/2022/texmf-dist/tex/latex/l3backend/l3backend-pdftex.def
File: l3backend-pdftex.def 2022-02-07 L3 backend support: PDF output (pdfTeX)
\l__color_backend_stack_int=\count275
\l__pdf_internal_box=\box50
)
(./report.aux)
\openout1 = `report.aux'.

LaTeX Font Info:    Checking defaults for OML/cmm/m/it on input line 36.
LaTeX Font Info:    ... okay on input line 36.
LaTeX Font Info:    Checking defaults for OMS/cmsy/m/n on input line 36.
LaTeX Font Info:    ... okay on input line 36.
LaTeX Font Info:    Checking defaults for OT1/cmr/m/n on input line 36.
LaTeX Font Info:    ... okay on input line 36.
LaTeX Font Info:    Checking defaults for T1/cmr/m/n on input line 36.
LaTeX Font Info:    ... okay on input line 36.
LaTeX Font Info:    Checking defaults for TS1/cmr/m/n on input line 36.
LaTeX Font Info:    ... okay on input line 36.
LaTeX Font Info:    Checking defaults for OMX/cmex/m/n on input line 36.
LaTeX Font Info:    ... okay on input line 36.
LaTeX Font Info:    Checking defaults for U/cmr/m/n on input line 36.
LaTeX Font Info:    ... okay on input line 36.
LaTeX Font Info:    Checking defaults for PD1/pdf/m/n on input line 36.
LaTeX Font Info:    ... okay on input line 36.
LaTeX Font Info:    Checking defaults for PU/pdf/m/n on input line 36.
LaTeX Font Info:    ... okay on input line 36.

(/usr/local/texlive/2022/texmf-dist/tex/context/base/mkii/supp-pdf.mkii
[Loading MPS to PDF converter (version 2006.09.02).]
\scratchcounter=\count276
\scratchdimen=\dimen161
\scratchbox=\box51
\nofMPsegments=\count277
\nofMParguments=\count278
\everyMPshowfont=\toks18
\MPscratchCnt=\count279
\MPscratchDim=\dimen162
\MPnumerator=\count280
\makeMPintoPDFobject=\count281
\everyMPtoPDFconversion=\toks19
) (/usr/local/texlive/2022/texmf-dist/tex/latex/epstopdf-pkg/epstopdf-base.sty
Package: epstopdf-base 2020-01-24 v2.11 Base part for package epstopdf
Package epstopdf-base Info: Redefining graphics rule for `.eps' on input line 4
85.

(/usr/local/texlive/2022/texmf-dist/tex/latex/latexconfig/epstopdf-sys.cfg
File: epstopdf-sys.cfg 2010/07/13 v1.3 Configuration of (r)epstopdf for TeX Liv
e
))
Package caption Info: Begin \AtBeginDocument code.
Package caption Info: hyperref package is loaded.
Package caption Info: End \AtBeginDocument code.

*geometry* driver: auto-detecting
*geometry* detected driver: pdftex
*geometry* verbose mode - [ preamble ] result:
* driver: pdftex
* paper: a4paper
* layout: <same size as paper>
* layoutoffset:(h,v)=(0.0pt,0.0pt)
* modes: 
* h-part:(L,W,R)=(63.87643pt, 469.75499pt, 63.87645pt)
* v-part:(T,H,B)=(83.62823pt, 635.97621pt, 125.4424pt)
* \paperwidth=597.50787pt
* \paperheight=845.04684pt
* \textwidth=469.75499pt
* \textheight=635.97621pt
* \oddsidemargin=-8.39355pt
* \evensidemargin=-8.39355pt
* \topmargin=-25.64175pt
* \headheight=12.0pt
* \headsep=25.0pt
* \topskip=12.0pt
* \footskip=30.0pt
* \marginparwidth=4.0pt
* \marginparsep=10.0pt
* \columnsep=10.0pt
* \skip\footins=10.8pt plus 4.0pt minus 2.0pt
* \hoffset=0.0pt
* \voffset=0.0pt
* \mag=1000
* \@twocolumntrue
* \@twosidefalse
* \@mparswitchfalse
* \@reversemarginfalse
* (1in=72.27pt=25.4mm, 1cm=28.453pt)

Package hyperref Info: Link coloring OFF on input line 36.
(/usr/local/texlive/2022/texmf-dist/tex/latex/hyperref/nameref.sty
Package: nameref 2021-04-02 v2.47 Cross-referencing by name of section

(/usr/local/texlive/2022/texmf-dist/tex/latex/refcount/refcount.sty
Package: refcount 2019/12/15 v3.6 Data extraction from label references (HO)
)
(/usr/local/texlive/2022/texmf-dist/tex/generic/gettitlestring/gettitlestring.s
ty
Package: gettitlestring 2019/12/15 v1.6 Cleanup title references (HO)
)
\c@section@level=\count282
)
LaTeX Info: Redefining \ref on input line 36.
LaTeX Info: Redefining \pageref on input line 36.
LaTeX Info: Redefining \nameref on input line 36.
 (./report.out) (./report.out)
\@outlinefile=\write3
\openout3 = `report.out'.

LaTeX Font Info:    External font `cmex10' loaded for size
(Font)              <14.4> on input line 51.
LaTeX Font Info:    External font `cmex10' loaded for size
(Font)              <7> on input line 51.

Underfull \hbox (badness 10000) in paragraph at lines 51--51

 []


Underfull \hbox (badness 10000) in paragraph at lines 51--51

 []

LaTeX Font Info:    External font `cmex10' loaded for size
(Font)              <12> on input line 59.
LaTeX Font Info:    External font `cmex10' loaded for size
(Font)              <8> on input line 59.
LaTeX Font Info:    External font `cmex10' loaded for size
(Font)              <6> on input line 59.

Underfull \vbox (badness 10000) has occurred while \output is active []

 [1{/usr/local/texlive/2022/texmf-var/fonts/map/pdftex/updmap/pdftex.map}


]
Underfull \hbox (badness 3471) in paragraph at lines 85--86
\OT1/cmr/m/n/12 Minimal clean-ing was re-quired for this
 []


Underfull \hbox (badness 1603) in paragraph at lines 85--86
\OT1/cmr/m/n/12 dataset. For easy vi-su-al-i-sa-tion, I split
 []


Underfull \hbox (badness 2205) in paragraph at lines 85--86
\OT1/cmr/m/n/12 the [][]\OT1/cmtt/m/n/12 Top Team Scorer []\OT1/cmr/m/n/12 into
 two columns:
 []


Underfull \hbox (badness 5175) in paragraph at lines 85--86
[][]\OT1/cmtt/m/n/12 Top Scorer []\OT1/cmr/m/n/12 and [][]\OT1/cmtt/m/n/12 Top 
Scorer Num Goals[]\OT1/cmr/m/n/12 ,
 []


Underfull \hbox (badness 1418) in paragraph at lines 93--94
\OT1/cmr/m/n/12 whether this col-umn mea-sures the value
 []

[2]
<../vis/tables/average_attendance.png, id=89, 462.528pt x 346.896pt>
File: ../vis/tables/average_attendance.png Graphic file (type png)
<use ../vis/tables/average_attendance.png>
Package pdftex.def Info: ../vis/tables/average_attendance.png  used on input li
ne 104.
(pdftex.def)             Requested size: 229.87749pt x 172.4101pt.

Underfull \hbox (badness 1874) in paragraph at lines 109--110
[]\OT1/cmr/m/n/12 However, this graph does not tell us
 []

<../vis/tables/attendance_boxwhisker.png, id=92, 462.528pt x 346.896pt>
File: ../vis/tables/attendance_boxwhisker.png Graphic file (type png)
<use ../vis/tables/attendance_boxwhisker.png>
Package pdftex.def Info: ../vis/tables/attendance_boxwhisker.png  used on input
 line 112.
(pdftex.def)             Requested size: 229.87749pt x 172.4101pt.
<../vis/fixtures/attendance_overtime.png, id=95, 462.528pt x 346.896pt>
File: ../vis/fixtures/attendance_overtime.png Graphic file (type png)
<use ../vis/fixtures/attendance_overtime.png>
Package pdftex.def Info: ../vis/fixtures/attendance_overtime.png  used on input
 line 120.
(pdftex.def)             Requested size: 229.87749pt x 172.4101pt.

Underfull \vbox (badness 10000) has occurred while \output is active []

 [3 <../vis/tables/average_attendance.png>]
<../vis/fixtures/attendance_overtime_no_outliers.png, id=107, 831.105pt x 325.2
15pt>
File: ../vis/fixtures/attendance_overtime_no_outliers.png Graphic file (type pn
g)
<use ../vis/fixtures/attendance_overtime_no_outliers.png>
Package pdftex.def Info: ../vis/fixtures/attendance_overtime_no_outliers.png  u
sed on input line 132.
(pdftex.def)             Requested size: 469.75499pt x 183.81628pt.
<../vis/fixtures/attendance_v_goals.png, id=109, 831.105pt x 325.215pt>
File: ../vis/fixtures/attendance_v_goals.png Graphic file (type png)
<use ../vis/fixtures/attendance_v_goals.png>
Package pdftex.def Info: ../vis/fixtures/attendance_v_goals.png  used on input 
line 140.
(pdftex.def)             Requested size: 469.75499pt x 183.81628pt.
 [4 <../vis/tables/attendance_boxwhisker.png> <../vis/fixtures/attendance_overt
ime.png>] [5 <../vis/fixtures/attendance_overtime_no_outliers.png> <../vis/fixt
ures/attendance_v_goals.png>]
<../vis/playerStats/goal_minutes.png, id=128, 462.528pt x 346.896pt>
File: ../vis/playerStats/goal_minutes.png Graphic file (type png)
<use ../vis/playerStats/goal_minutes.png>
Package pdftex.def Info: ../vis/playerStats/goal_minutes.png  used on input lin
e 150.
(pdftex.def)             Requested size: 229.87749pt x 172.4101pt.
<../vis/playerStats/goal_minutes_forwards.png, id=130, 462.528pt x 346.896pt>
File: ../vis/playerStats/goal_minutes_forwards.png Graphic file (type png)
<use ../vis/playerStats/goal_minutes_forwards.png>
Package pdftex.def Info: ../vis/playerStats/goal_minutes_forwards.png  used on 
input line 158.
(pdftex.def)             Requested size: 229.87749pt x 172.4101pt.
<../vis/playerStats/top_scorers.png, id=132, 462.528pt x 346.896pt>
File: ../vis/playerStats/top_scorers.png Graphic file (type png)
<use ../vis/playerStats/top_scorers.png>
Package pdftex.def Info: ../vis/playerStats/top_scorers.png  used on input line
 166.
(pdftex.def)             Requested size: 229.87749pt x 172.4101pt.

Underfull \vbox (badness 1859) has occurred while \output is active []

 [6 <../vis/playerStats/goal_minutes.png> <../vis/playerStats/goal_minutes_forw
ards.png> <../vis/playerStats/top_scorers.png>]
<../vis/playerStats/top_scorers_perseason.png, id=143, 462.528pt x 346.896pt>
File: ../vis/playerStats/top_scorers_perseason.png Graphic file (type png)
<use ../vis/playerStats/top_scorers_perseason.png>
Package pdftex.def Info: ../vis/playerStats/top_scorers_perseason.png  used on 
input line 174.
(pdftex.def)             Requested size: 229.87749pt x 172.4101pt.
<../vis/tables/average_xg.png, id=145, 462.528pt x 346.896pt>
File: ../vis/tables/average_xg.png Graphic file (type png)
<use ../vis/tables/average_xg.png>
Package pdftex.def Info: ../vis/tables/average_xg.png  used on input line 184.
(pdftex.def)             Requested size: 229.87749pt x 172.4101pt.

Underfull \hbox (badness 1009) in paragraph at lines 189--190
[]\OT1/cmr/m/n/12 In or-der to ver-ify this, we can cal-cu-
 []

<../vis/tables/average_xg_pergame.png, id=148, 462.528pt x 346.896pt>
File: ../vis/tables/average_xg_pergame.png Graphic file (type png)
<use ../vis/tables/average_xg_pergame.png>
Package pdftex.def Info: ../vis/tables/average_xg_pergame.png  used on input li
ne 192.
(pdftex.def)             Requested size: 229.87749pt x 172.4101pt.
<../vis/tables/average_xg_pergame_newaxis.png, id=149, 462.528pt x 346.896pt>
File: ../vis/tables/average_xg_pergame_newaxis.png Graphic file (type png)
<use ../vis/tables/average_xg_pergame_newaxis.png>
Package pdftex.def Info: ../vis/tables/average_xg_pergame_newaxis.png  used on 
input line 198.
(pdftex.def)             Requested size: 229.87749pt x 172.4101pt.

Underfull \vbox (badness 1859) has occurred while \output is active []

 [7 <../vis/playerStats/top_scorers_perseason.png> <../vis/tables/average_xg.pn
g> <../vis/tables/average_xg_pergame.png>]
<../vis/fixtures/xg_matchday20.png, id=166, 462.528pt x 346.896pt>
File: ../vis/fixtures/xg_matchday20.png Graphic file (type png)
<use ../vis/fixtures/xg_matchday20.png>
Package pdftex.def Info: ../vis/fixtures/xg_matchday20.png  used on input line 
206.
(pdftex.def)             Requested size: 229.87749pt x 172.4101pt.
<../vis/playerStats/goals_v_xg_linear_fit.png, id=169, 462.528pt x 346.896pt>
File: ../vis/playerStats/goals_v_xg_linear_fit.png Graphic file (type png)
<use ../vis/playerStats/goals_v_xg_linear_fit.png>
Package pdftex.def Info: ../vis/playerStats/goals_v_xg_linear_fit.png  used on 
input line 220.
(pdftex.def)             Requested size: 229.87749pt x 172.4101pt.
<../vis/playerStats/goals_v_xg_residuals.png, id=170, 462.528pt x 346.896pt>
File: ../vis/playerStats/goals_v_xg_residuals.png Graphic file (type png)
<use ../vis/playerStats/goals_v_xg_residuals.png>
Package pdftex.def Info: ../vis/playerStats/goals_v_xg_residuals.png  used on i
nput line 226.
(pdftex.def)             Requested size: 229.87749pt x 172.4101pt.
<../vis/playerStats/nation_bar.png, id=172, 462.528pt x 346.896pt>
File: ../vis/playerStats/nation_bar.png Graphic file (type png)
<use ../vis/playerStats/nation_bar.png>
Package pdftex.def Info: ../vis/playerStats/nation_bar.png  used on input line 
236.
(pdftex.def)             Requested size: 229.87749pt x 172.4101pt.
 [8 <../vis/tables/average_xg_pergame_newaxis.png> <../vis/fixtures/xg_matchday
20.png>]
<../vis/playerStats/nation_pie.png, id=190, 462.528pt x 346.896pt>
File: ../vis/playerStats/nation_pie.png Graphic file (type png)
<use ../vis/playerStats/nation_pie.png>
Package pdftex.def Info: ../vis/playerStats/nation_pie.png  used on input line 
244.
(pdftex.def)             Requested size: 229.87749pt x 172.4101pt.

Underfull \vbox (badness 1859) has occurred while \output is active []

 [9 <../vis/playerStats/goals_v_xg_linear_fit.png> <../vis/playerStats/goals_v_
xg_residuals.png> <../vis/playerStats/nation_bar.png> <../vis/playerStats/natio
n_pie.png>]
<../vis/playerStats/nation_rank.png, id=202, 462.528pt x 346.896pt>
File: ../vis/playerStats/nation_rank.png Graphic file (type png)
<use ../vis/playerStats/nation_rank.png>
Package pdftex.def Info: ../vis/playerStats/nation_rank.png  used on input line
 252.
(pdftex.def)             Requested size: 229.87749pt x 172.4101pt.

Underfull \hbox (badness 3088) in paragraph at lines 261--262
[]\OT1/cmr/m/n/12 I found that in-creased at-ten-dance in
 []


Underfull \hbox (badness 10000) in paragraph at lines 273--275
\TS1/cmr/m/n/12 <\OT1/cmr/m/n/12 https://github.com/ellenleahy95/
 []

[10 <../vis/playerStats/nation_rank.png>]
Underfull \hbox (badness 10000) in paragraph at lines 276--277
[]\OT1/cmr/m/n/12 FBref, 2023, \OT1/cmr/m/it/12 Squad Stan-dard
 []


Underfull \hbox (badness 10000) in paragraph at lines 276--277
\OT1/cmr/m/it/12 Stats\OT1/cmr/m/n/12 , De-cem-ber 11, 2022,
 []


Underfull \hbox (badness 10000) in paragraph at lines 276--277
\OT1/cmr/m/n/12 2022/stats/2021-2022-
 []


Underfull \hbox (badness 10000) in paragraph at lines 276--277
\OT1/cmr/m/n/12 Womens-Super-League-
 []


Underfull \hbox (badness 10000) in paragraph at lines 277--278
[]\OT1/cmr/m/n/12 FBref, 2023, \OT1/cmr/m/it/12 Squad Stan-dard
 []


Underfull \hbox (badness 10000) in paragraph at lines 277--278
\OT1/cmr/m/it/12 Stats\OT1/cmr/m/n/12 , De-cem-ber 11, 2022,
 []


Underfull \hbox (badness 10000) in paragraph at lines 277--278
\OT1/cmr/m/n/12 2022/schedule/2021-2022-
 []


Underfull \hbox (badness 10000) in paragraph at lines 277--278
\OT1/cmr/m/n/12 Womens-Super-League-Scores-and-
 []


Underfull \hbox (badness 10000) in paragraph at lines 278--279
[]\OT1/cmr/m/n/12 FBref, 2023, \OT1/cmr/m/it/12 Squad Stan-dard
 []


Underfull \hbox (badness 10000) in paragraph at lines 278--279
\OT1/cmr/m/it/12 Stats\OT1/cmr/m/n/12 , De-cem-ber 11, 2022,
 []


Underfull \hbox (badness 10000) in paragraph at lines 278--279
\OT1/cmr/m/n/12 2022/stats/2021-2022-Womens-Super-
 []


Underfull \hbox (badness 10000) in paragraph at lines 279--280
[]\OT1/cmr/m/n/12 Transfrmarkt, 2023, \OT1/cmr/m/it/12 Used For-
 []


Underfull \hbox (badness 10000) in paragraph at lines 279--280
\OT1/cmr/m/it/12 eign Play-ers\OT1/cmr/m/n/12 , Jan-uary 11, 2023,
 []


Underfull \hbox (badness 10000) in paragraph at lines 279--280
\TS1/cmr/m/n/12 <[][]\OT1/cmtt/m/n/12 https://www.transfermarkt.com/
 []


Overfull \hbox (10.40015pt too wide) in paragraph at lines 279--280
[]\OT1/cmtt/m/n/12 premier-league/legionaereeinsaetze/
 []


Overfull \hbox (1.48456pt too wide) in paragraph at lines 279--280
[]\OT1/cmtt/m/n/12 wettbewerb/GB1/plus/1?option=[]\OT1/cmr/m/n/12 spiele
 []


Overfull \hbox (16.57515pt too wide) in paragraph at lines 279--280
[][]\OT1/cmtt/m/n/12 &saison\_id=2021\=&altersklasse=alle
 []

[11

] (./report.aux)
Package rerunfilecheck Info: File `report.out' has not changed.
(rerunfilecheck)             Checksum: B0DF410A1AB297479C93CBEC5E6BC6BD;1810.
 ) 
Here is how much of TeX's memory you used:
 11066 strings out of 478268
 181583 string characters out of 5846348
 481971 words of memory out of 5000000
 29088 multiletter control sequences out of 15000+600000
 476234 words of font info for 51 fonts, out of 8000000 for 9000
 1141 hyphenation exceptions out of 8191
 60i,8n,63p,1078b,438s stack positions out of 10000i,1000n,20000p,200000b,200000s
{/usr/local/texlive/2022/texmf-dist/fonts/enc/dvips/cm-super/cm-super-ts1.enc
}</usr/local/texlive/2022/texmf-dist/fonts/type1/public/amsfonts/cm/cmbx10.pfb>
</usr/local/texlive/2022/texmf-dist/fonts/type1/public/amsfonts/cm/cmbx12.pfb><
/usr/local/texlive/2022/texmf-dist/fonts/type1/public/amsfonts/cm/cmex10.pfb></
usr/local/texlive/2022/texmf-dist/fonts/type1/public/amsfonts/cm/cmmi12.pfb></u
sr/local/texlive/2022/texmf-dist/fonts/type1/public/amsfonts/cm/cmmi8.pfb></usr
/local/texlive/2022/texmf-dist/fonts/type1/public/amsfonts/cm/cmr10.pfb></usr/l
ocal/texlive/2022/texmf-dist/fonts/type1/public/amsfonts/cm/cmr12.pfb></usr/loc
al/texlive/2022/texmf-dist/fonts/type1/public/amsfonts/cm/cmr17.pfb></usr/local
/texlive/2022/texmf-dist/fonts/type1/public/amsfonts/cm/cmr8.pfb></usr/local/te
xlive/2022/texmf-dist/fonts/type1/public/amsfonts/cm/cmsy10.pfb></usr/local/tex
live/2022/texmf-dist/fonts/type1/public/amsfonts/cm/cmti10.pfb></usr/local/texl
ive/2022/texmf-dist/fonts/type1/public/amsfonts/cm/cmti12.pfb></usr/local/texli
ve/2022/texmf-dist/fonts/type1/public/amsfonts/cm/cmtt12.pfb></usr/local/texliv
e/2022/texmf-dist/fonts/type1/public/cm-super/sfrm1200.pfb>
Output written on report.pdf (11 pages, 711523 bytes).
PDF statistics:
 289 PDF objects out of 1000 (max. 8388607)
 209 compressed objects within 3 object streams
 54 named destinations out of 1000 (max. 500000)
 203 words of extra memory for PDF output out of 10000 (max. 10000000)

